{"level":"info","message":"⌛ Validating afa.wlk","timeElapsed":131,"timestamp":"2024-09-05T19:03:22.128Z"}
{"level":"info","message":"⌛ Building environment","timeElapsed":129,"timestamp":"2024-09-05T19:03:22.547Z"}
{"level":"info","message":"⌛ Validating afa.wlk","timeElapsed":143,"timestamp":"2024-09-05T19:03:22.547Z"}
{"level":"info","message":"⌛ Building environment","timeElapsed":110,"timestamp":"2024-09-05T19:03:22.547Z"}
{"level":"info","message":"⌛ Building environment","timeElapsed":116,"timestamp":"2024-09-05T19:03:22.672Z"}
{"level":"info","message":"⌛ Building environment","timeElapsed":122,"timestamp":"2024-09-05T19:03:22.796Z"}
{"level":"info","message":"⌛ Validating afa.wlk","timeElapsed":144,"timestamp":"2024-09-05T19:03:22.941Z"}
{"level":"info","message":"⌛ Building environment","timeElapsed":106,"timestamp":"2024-09-05T19:03:23.048Z"}
{"level":"info","message":"⌛ Building environment","timeElapsed":127,"timestamp":"2024-09-05T19:03:23.175Z"}
{"level":"info","message":"⌛ Validating afa.wlk","timeElapsed":145,"timestamp":"2024-09-05T19:03:23.321Z"}
{"level":"info","message":"⌛ Validating afa.wlk","timeElapsed":132,"timestamp":"2024-09-05T19:03:23.460Z"}
{"level":"info","message":"⌛ Building environment","timeElapsed":119,"timestamp":"2024-09-05T19:03:23.579Z"}
{"level":"info","message":"⌛ Validating afa.wlk","timeElapsed":134,"timestamp":"2024-09-05T19:03:23.713Z"}
{"level":"info","message":"⌛ Validating afa.wlk","timeElapsed":133,"timestamp":"2024-09-05T19:03:23.848Z"}
{"level":"info","message":"⌛ Building environment","timeElapsed":116,"timestamp":"2024-09-05T19:03:23.967Z"}
{"level":"info","message":"⌛ Validating afa.wlk","timeElapsed":138,"timestamp":"2024-09-05T19:03:24.105Z"}
{"level":"info","message":"⌛ Building environment","timeElapsed":292,"timestamp":"2024-09-05T19:03:24.401Z"}
{"level":"info","message":"⌛ Validating afa.wlk","timeElapsed":149,"timestamp":"2024-09-05T19:03:24.550Z"}
{"level":"info","message":"⌛ Building environment","timeElapsed":163,"timestamp":"2024-09-05T19:03:24.713Z"}
{"level":"info","message":"⌛ Validating afa.wlk","timeElapsed":142,"timestamp":"2024-09-05T19:03:24.864Z"}
{"level":"info","message":"⌛ Building environment","timeElapsed":125,"timestamp":"2024-09-05T19:03:24.989Z"}
{"level":"info","message":"⌛ Building environment","timeElapsed":128,"timestamp":"2024-09-05T19:03:25.118Z"}
{"level":"info","message":"⌛ Validating afa.wlk","timeElapsed":145,"timestamp":"2024-09-05T19:03:25.263Z"}
{"level":"info","message":"⌛ Validating afa.wlk","timeElapsed":138,"timestamp":"2024-09-05T19:03:25.406Z"}
{"level":"info","message":"⌛ Building environment","timeElapsed":107,"timestamp":"2024-09-05T19:03:25.514Z"}
{"level":"info","message":"⌛ Building environment","timeElapsed":109,"timestamp":"2024-09-05T19:03:25.627Z"}
{"level":"info","message":"⌛ Validating afa.wlk","timeElapsed":192,"timestamp":"2024-09-05T19:03:25.822Z"}
{"level":"info","message":"⌛ Building environment","timeElapsed":150,"timestamp":"2024-09-05T19:03:25.972Z"}
{"level":"info","message":"⌛ Building environment","timeElapsed":121,"timestamp":"2024-09-05T19:03:26.100Z"}
{"level":"info","message":"⌛ Building environment","timeElapsed":122,"timestamp":"2024-09-05T19:03:26.223Z"}
{"level":"info","message":"⌛ Building environment","timeElapsed":115,"timestamp":"2024-09-05T19:03:26.338Z"}
{"level":"info","message":"⌛ Validating afa.wlk","timeElapsed":135,"timestamp":"2024-09-05T19:03:26.473Z"}
{"level":"info","message":"⌛ Validating afa.wlk","timeElapsed":134,"timestamp":"2024-09-05T19:03:26.608Z"}
{"level":"info","message":"⌛ Validating afa.wlk","timeElapsed":129,"timestamp":"2024-09-05T19:03:26.740Z"}
{"level":"info","message":"⌛ Validating afa.wlk","timeElapsed":130,"timestamp":"2024-09-05T19:03:26.871Z"}
{"level":"info","message":"⌛ Validating afa.wlk","timeElapsed":137,"timestamp":"2024-09-05T19:03:27.008Z"}
{"level":"info","message":"⌛ Building environment","timeElapsed":113,"timestamp":"2024-09-05T19:03:27.121Z"}
{"level":"info","message":"⌛ Validating afa.wlk","timeElapsed":139,"timestamp":"2024-09-05T19:03:27.261Z"}
{"level":"info","message":"⌛ Building environment","timeElapsed":107,"timestamp":"2024-09-05T19:03:27.368Z"}
{"level":"info","message":"⌛ Validating afa.wlk","timeElapsed":134,"timestamp":"2024-09-05T19:03:27.511Z"}
{"level":"info","message":"⌛ Validating afa.wlk","timeElapsed":139,"timestamp":"2024-09-05T19:03:27.654Z"}
{"level":"info","message":"⌛ Validating afa.wlk","timeElapsed":144,"timestamp":"2024-09-05T19:03:27.799Z"}
{"level":"info","message":"⌛ Building environment","timeElapsed":118,"timestamp":"2024-09-05T19:03:27.919Z"}
{"level":"info","message":"⌛ Validating afa.wlk","timeElapsed":146,"timestamp":"2024-09-05T19:03:28.066Z"}
{"level":"info","message":"⌛ Building environment","timeElapsed":198,"timestamp":"2024-09-05T19:03:28.268Z"}
{"level":"info","message":"⌛ Validating afa.wlk","timeElapsed":158,"timestamp":"2024-09-05T19:03:28.428Z"}
{"level":"info","message":"⌛ Building environment","timeElapsed":126,"timestamp":"2024-09-05T19:03:28.557Z"}
{"level":"info","message":"⌛ Validating afa.wlk","timeElapsed":168,"timestamp":"2024-09-05T19:03:28.726Z"}
{"level":"info","message":"⌛ Building environment","timeElapsed":120,"timestamp":"2024-09-05T19:03:28.850Z"}
{"level":"error","message":"✘ Completions for node failed: Error: [Send]{cc92a4} at afa.wlk:116 exhausted all cases without a match [Send]{cc92a4} at afa.wlk:116 exhausted all cases without a match","stack":"Error: [Send]{cc92a4} at afa.wlk:116 exhausted all cases without a match\n    at /home/lucas/.vscode/extensions/uqbar.wollok-lsp-ide-0.3.4/node_modules/wollok-ts/dist/extensions.js:85:11\n    at completionsForNode (/home/lucas/.vscode/extensions/uqbar.wollok-lsp-ide-0.3.4/server/out/functionalities/autocomplete/node-completion.js:10:44)\n    at completeForParent (/home/lucas/.vscode/extensions/uqbar.wollok-lsp-ide-0.3.4/server/out/functionalities/autocomplete/node-completion.js:56:43)\n    at completeReference (/home/lucas/.vscode/extensions/uqbar.wollok-lsp-ide-0.3.4/server/out/functionalities/autocomplete/node-completion.js:64:135)\n    at /home/lucas/.vscode/extensions/uqbar.wollok-lsp-ide-0.3.4/node_modules/wollok-ts/dist/extensions.js:84:20\n    at completionsForNode (/home/lucas/.vscode/extensions/uqbar.wollok-lsp-ide-0.3.4/server/out/functionalities/autocomplete/node-completion.js:10:44)\n    at /home/lucas/.vscode/extensions/uqbar.wollok-lsp-ide-0.3.4/server/out/functionalities/autocomplete/autocomplete.js:26:154\n    at /home/lucas/.vscode/extensions/uqbar.wollok-lsp-ide-0.3.4/server/out/server.js:198:20\n    at /home/lucas/.vscode/extensions/uqbar.wollok-lsp-ide-0.3.4/server/node_modules/vscode-languageserver/lib/common/server.js:593:20\n    at handleRequest (/home/lucas/.vscode/extensions/uqbar.wollok-lsp-ide-0.3.4/server/node_modules/vscode-jsonrpc/lib/common/connection.js:493:41)","timestamp":"2024-09-05T19:03:28.883Z"}
{"level":"error","message":"✘ Completions for node failed: Error: [Return]{41a8ba} at afa.wlk:-- exhausted all cases without a match [Return]{41a8ba} at afa.wlk:-- exhausted all cases without a match","stack":"Error: [Return]{41a8ba} at afa.wlk:-- exhausted all cases without a match\n    at /home/lucas/.vscode/extensions/uqbar.wollok-lsp-ide-0.3.4/node_modules/wollok-ts/dist/extensions.js:85:11\n    at completionsForNode (/home/lucas/.vscode/extensions/uqbar.wollok-lsp-ide-0.3.4/server/out/functionalities/autocomplete/node-completion.js:10:44)\n    at completeForParent (/home/lucas/.vscode/extensions/uqbar.wollok-lsp-ide-0.3.4/server/out/functionalities/autocomplete/node-completion.js:56:43)\n    at completionsForNode (/home/lucas/.vscode/extensions/uqbar.wollok-lsp-ide-0.3.4/server/out/functionalities/autocomplete/node-completion.js:14:46)\n    at completeForParent (/home/lucas/.vscode/extensions/uqbar.wollok-lsp-ide-0.3.4/server/out/functionalities/autocomplete/node-completion.js:56:43)\n    at completeReference (/home/lucas/.vscode/extensions/uqbar.wollok-lsp-ide-0.3.4/server/out/functionalities/autocomplete/node-completion.js:64:135)\n    at /home/lucas/.vscode/extensions/uqbar.wollok-lsp-ide-0.3.4/node_modules/wollok-ts/dist/extensions.js:84:20\n    at completionsForNode (/home/lucas/.vscode/extensions/uqbar.wollok-lsp-ide-0.3.4/server/out/functionalities/autocomplete/node-completion.js:10:44)\n    at /home/lucas/.vscode/extensions/uqbar.wollok-lsp-ide-0.3.4/server/out/functionalities/autocomplete/autocomplete.js:26:154\n    at /home/lucas/.vscode/extensions/uqbar.wollok-lsp-ide-0.3.4/server/out/server.js:198:20","timestamp":"2024-09-05T19:03:28.883Z"}
{"level":"info","message":"⌛ Building environment","timeElapsed":121,"timestamp":"2024-09-05T19:03:29.011Z"}
{"level":"info","message":"⌛ Validating afa.wlk","timeElapsed":137,"timestamp":"2024-09-05T19:03:29.148Z"}
{"level":"info","message":"⌛ Building environment","timeElapsed":108,"timestamp":"2024-09-05T19:03:29.257Z"}
{"level":"info","message":"⌛ Building environment","timeElapsed":128,"timestamp":"2024-09-05T19:03:29.396Z"}
{"level":"info","message":"⌛ Validating afa.wlk","timeElapsed":141,"timestamp":"2024-09-05T19:03:29.538Z"}
{"level":"info","message":"⌛ Building environment","timeElapsed":111,"timestamp":"2024-09-05T19:03:29.650Z"}
{"level":"info","message":"⌛ Building environment","timeElapsed":107,"timestamp":"2024-09-05T19:03:29.758Z"}
{"level":"info","message":"⌛ Building environment","timeElapsed":110,"timestamp":"2024-09-05T19:03:29.869Z"}
{"level":"info","message":"⌛ Validating afa.wlk","timeElapsed":134,"timestamp":"2024-09-05T19:03:30.003Z"}
{"level":"info","message":"⌛ Building environment","timeElapsed":174,"timestamp":"2024-09-05T19:03:30.178Z"}
{"level":"info","message":"⌛ Validating afa.wlk","timeElapsed":150,"timestamp":"2024-09-05T19:03:30.329Z"}
{"level":"info","message":"⌛ Validating afa.wlk","timeElapsed":169,"timestamp":"2024-09-05T19:03:30.503Z"}
{"level":"info","message":"⌛ Validating afa.wlk","timeElapsed":132,"timestamp":"2024-09-05T19:03:30.734Z"}
{"level":"info","message":"⌛ Building environment","timeElapsed":104,"timestamp":"2024-09-05T19:03:30.839Z"}
{"level":"info","message":"⌛ Validating afa.wlk","timeElapsed":131,"timestamp":"2024-09-05T19:03:30.976Z"}
{"level":"info","message":"⌛ Validating afa.wlk","timeElapsed":139,"timestamp":"2024-09-05T19:03:31.116Z"}
{"level":"info","message":"⌛ Validating afa.wlk","timeElapsed":136,"timestamp":"2024-09-05T19:03:31.257Z"}
{"level":"info","message":"⌛ Building environment","timeElapsed":118,"timestamp":"2024-09-05T19:03:31.375Z"}
{"level":"error","message":"✘ Completions for node failed: Error: [Send]{3d0ee0} at afa.wlk:116 exhausted all cases without a match [Send]{3d0ee0} at afa.wlk:116 exhausted all cases without a match","stack":"Error: [Send]{3d0ee0} at afa.wlk:116 exhausted all cases without a match\n    at /home/lucas/.vscode/extensions/uqbar.wollok-lsp-ide-0.3.4/node_modules/wollok-ts/dist/extensions.js:85:11\n    at completionsForNode (/home/lucas/.vscode/extensions/uqbar.wollok-lsp-ide-0.3.4/server/out/functionalities/autocomplete/node-completion.js:10:44)\n    at completeForParent (/home/lucas/.vscode/extensions/uqbar.wollok-lsp-ide-0.3.4/server/out/functionalities/autocomplete/node-completion.js:56:43)\n    at completeReference (/home/lucas/.vscode/extensions/uqbar.wollok-lsp-ide-0.3.4/server/out/functionalities/autocomplete/node-completion.js:64:135)\n    at /home/lucas/.vscode/extensions/uqbar.wollok-lsp-ide-0.3.4/node_modules/wollok-ts/dist/extensions.js:84:20\n    at completionsForNode (/home/lucas/.vscode/extensions/uqbar.wollok-lsp-ide-0.3.4/server/out/functionalities/autocomplete/node-completion.js:10:44)\n    at /home/lucas/.vscode/extensions/uqbar.wollok-lsp-ide-0.3.4/server/out/functionalities/autocomplete/autocomplete.js:26:154\n    at /home/lucas/.vscode/extensions/uqbar.wollok-lsp-ide-0.3.4/server/out/server.js:198:20\n    at /home/lucas/.vscode/extensions/uqbar.wollok-lsp-ide-0.3.4/server/node_modules/vscode-languageserver/lib/common/server.js:593:20\n    at handleRequest (/home/lucas/.vscode/extensions/uqbar.wollok-lsp-ide-0.3.4/server/node_modules/vscode-jsonrpc/lib/common/connection.js:493:41)","timestamp":"2024-09-05T19:03:31.405Z"}
{"level":"error","message":"✘ Completions for node failed: Error: [Return]{302aa6} at afa.wlk:-- exhausted all cases without a match [Return]{302aa6} at afa.wlk:-- exhausted all cases without a match","stack":"Error: [Return]{302aa6} at afa.wlk:-- exhausted all cases without a match\n    at /home/lucas/.vscode/extensions/uqbar.wollok-lsp-ide-0.3.4/node_modules/wollok-ts/dist/extensions.js:85:11\n    at completionsForNode (/home/lucas/.vscode/extensions/uqbar.wollok-lsp-ide-0.3.4/server/out/functionalities/autocomplete/node-completion.js:10:44)\n    at completeForParent (/home/lucas/.vscode/extensions/uqbar.wollok-lsp-ide-0.3.4/server/out/functionalities/autocomplete/node-completion.js:56:43)\n    at completionsForNode (/home/lucas/.vscode/extensions/uqbar.wollok-lsp-ide-0.3.4/server/out/functionalities/autocomplete/node-completion.js:14:46)\n    at completeForParent (/home/lucas/.vscode/extensions/uqbar.wollok-lsp-ide-0.3.4/server/out/functionalities/autocomplete/node-completion.js:56:43)\n    at completeReference (/home/lucas/.vscode/extensions/uqbar.wollok-lsp-ide-0.3.4/server/out/functionalities/autocomplete/node-completion.js:64:135)\n    at /home/lucas/.vscode/extensions/uqbar.wollok-lsp-ide-0.3.4/node_modules/wollok-ts/dist/extensions.js:84:20\n    at completionsForNode (/home/lucas/.vscode/extensions/uqbar.wollok-lsp-ide-0.3.4/server/out/functionalities/autocomplete/node-completion.js:10:44)\n    at /home/lucas/.vscode/extensions/uqbar.wollok-lsp-ide-0.3.4/server/out/functionalities/autocomplete/autocomplete.js:26:154\n    at /home/lucas/.vscode/extensions/uqbar.wollok-lsp-ide-0.3.4/server/out/server.js:198:20","timestamp":"2024-09-05T19:03:31.405Z"}
{"level":"info","message":"⌛ Validating afa.wlk","timeElapsed":137,"timestamp":"2024-09-05T19:03:31.547Z"}
{"level":"info","message":"⌛ Building environment","timeElapsed":123,"timestamp":"2024-09-05T19:03:31.671Z"}
{"level":"info","message":"⌛ Validating afa.wlk","timeElapsed":164,"timestamp":"2024-09-05T19:03:31.920Z"}
{"level":"info","message":"⌛ Validating afa.wlk","timeElapsed":155,"timestamp":"2024-09-05T19:03:32.076Z"}
{"level":"info","message":"⌛ Validating afa.wlk","timeElapsed":139,"timestamp":"2024-09-05T19:03:32.215Z"}
{"level":"info","message":"⌛ Validating afa.wlk","timeElapsed":170,"timestamp":"2024-09-05T19:03:32.387Z"}
{"level":"info","message":"onRequest - completionItem/resolve","timestamp":"2024-09-05T19:03:32.389Z"}
{"level":"info","message":"⌛ Building environment","timeElapsed":208,"timestamp":"2024-09-05T19:03:32.597Z"}
{"level":"info","message":"onRequest - completionItem/resolve","timestamp":"2024-09-05T19:03:32.598Z"}
{"level":"info","message":"⌛ Building environment","timeElapsed":178,"timestamp":"2024-09-05T19:03:32.776Z"}
{"level":"info","message":"onRequest - completionItem/resolve","timestamp":"2024-09-05T19:03:32.776Z"}
{"level":"info","message":"⌛ Building environment","timeElapsed":126,"timestamp":"2024-09-05T19:03:32.903Z"}
{"level":"info","message":"onRequest - completionItem/resolve","timestamp":"2024-09-05T19:03:32.912Z"}
{"level":"info","message":"⌛ Validating afa.wlk","timeElapsed":179,"timestamp":"2024-09-05T19:03:33.091Z"}
{"level":"info","message":"⌛ Building environment","timeElapsed":119,"timestamp":"2024-09-05T19:03:33.211Z"}
{"level":"info","message":"onRequest - completionItem/resolve","timestamp":"2024-09-05T19:03:33.211Z"}
{"level":"info","message":"⌛ Building environment","timeElapsed":138,"timestamp":"2024-09-05T19:03:33.349Z"}
{"level":"info","message":"onRequest - completionItem/resolve","timestamp":"2024-09-05T19:03:33.350Z"}
{"level":"info","message":"⌛ Validating afa.wlk","timeElapsed":162,"timestamp":"2024-09-05T19:03:33.512Z"}
{"level":"info","message":"⌛ Building environment","timeElapsed":141,"timestamp":"2024-09-05T19:03:33.654Z"}
{"level":"info","message":"onRequest - completionItem/resolve","timestamp":"2024-09-05T19:03:33.655Z"}
{"level":"info","message":"⌛ Validating afa.wlk","timeElapsed":136,"timestamp":"2024-09-05T19:03:33.791Z"}
{"level":"info","message":"⌛ Building environment","timeElapsed":120,"timestamp":"2024-09-05T19:03:33.915Z"}
{"level":"info","message":"onRequest - completionItem/resolve","timestamp":"2024-09-05T19:03:33.915Z"}
{"level":"info","message":"⌛ Building environment","timeElapsed":125,"timestamp":"2024-09-05T19:03:34.041Z"}
{"level":"info","message":"onRequest - completionItem/resolve","timestamp":"2024-09-05T19:03:34.042Z"}
{"level":"info","message":"⌛ Validating afa.wlk","timeElapsed":138,"timestamp":"2024-09-05T19:03:34.180Z"}
{"level":"info","message":"⌛ Validating afa.wlk","timeElapsed":143,"timestamp":"2024-09-05T19:03:34.329Z"}
{"level":"info","message":"⌛ Validating afa.wlk","timeElapsed":144,"timestamp":"2024-09-05T19:03:34.474Z"}
{"level":"info","message":"⌛ Building environment","timeElapsed":110,"timestamp":"2024-09-05T19:03:34.585Z"}
{"level":"info","message":"⌛ Validating afa.wlk","timeElapsed":150,"timestamp":"2024-09-05T19:03:34.739Z"}
{"level":"info","message":"⌛ Building environment","timeElapsed":124,"timestamp":"2024-09-05T19:03:34.864Z"}
{"level":"info","message":"⌛ Validating afa.wlk","timeElapsed":167,"timestamp":"2024-09-05T19:03:35.032Z"}
{"level":"info","message":"⌛ Validating afa.wlk","timeElapsed":172,"timestamp":"2024-09-05T19:03:35.210Z"}
{"level":"info","message":"⌛ Validating afa.wlk","timeElapsed":164,"timestamp":"2024-09-05T19:03:35.374Z"}
{"level":"info","message":"⌛ Building environment","timeElapsed":133,"timestamp":"2024-09-05T19:03:36.608Z"}
{"level":"info","message":"⌛ Validating afa.wlk","timeElapsed":146,"timestamp":"2024-09-05T19:03:36.760Z"}
{"level":"info","message":"⌛ Building environment","timeElapsed":136,"timestamp":"2024-09-05T19:03:42.885Z"}
{"level":"info","message":"⌛ Validating afa.wlk","timeElapsed":163,"timestamp":"2024-09-05T19:03:43.051Z"}
{"level":"info","message":"⌛ Building environment","timeElapsed":152,"timestamp":"2024-09-05T19:03:43.316Z"}
{"level":"info","message":"⌛ Building environment","timeElapsed":168,"timestamp":"2024-09-05T19:03:43.520Z"}
{"level":"info","message":"⌛ Building environment","timeElapsed":124,"timestamp":"2024-09-05T19:03:43.647Z"}
{"level":"info","message":"⌛ Validating afa.wlk","timeElapsed":152,"timestamp":"2024-09-05T19:03:43.799Z"}
{"level":"info","message":"onRequest - completionItem/resolve","timestamp":"2024-09-05T19:03:43.800Z"}
{"level":"info","message":"⌛ Building environment","timeElapsed":169,"timestamp":"2024-09-05T19:03:43.969Z"}
{"level":"info","message":"onRequest - completionItem/resolve","timestamp":"2024-09-05T19:03:43.969Z"}
{"level":"info","message":"⌛ Validating afa.wlk","timeElapsed":158,"timestamp":"2024-09-05T19:03:44.128Z"}
{"level":"info","message":"⌛ Validating afa.wlk","timeElapsed":158,"timestamp":"2024-09-05T19:03:44.286Z"}
{"level":"info","message":"⌛ Validating afa.wlk","timeElapsed":146,"timestamp":"2024-09-05T19:03:44.440Z"}
{"level":"info","message":"⌛ Building environment","timeElapsed":209,"timestamp":"2024-09-05T19:03:44.652Z"}
{"level":"info","message":"⌛ Building environment","timeElapsed":142,"timestamp":"2024-09-05T19:03:44.881Z"}
{"level":"info","message":"⌛ Building environment","timeElapsed":139,"timestamp":"2024-09-05T19:03:45.022Z"}
{"level":"info","message":"⌛ Building environment","timeElapsed":179,"timestamp":"2024-09-05T19:03:45.208Z"}
{"level":"info","message":"⌛ Validating afa.wlk","timeElapsed":187,"timestamp":"2024-09-05T19:03:45.407Z"}
{"level":"info","message":"⌛ Building environment","timeElapsed":144,"timestamp":"2024-09-05T19:03:45.553Z"}
{"level":"info","message":"onRequest - completionItem/resolve","timestamp":"2024-09-05T19:03:45.566Z"}
{"level":"info","message":"⌛ Validating afa.wlk","timeElapsed":159,"timestamp":"2024-09-05T19:03:45.725Z"}
{"level":"info","message":"⌛ Validating afa.wlk","timeElapsed":153,"timestamp":"2024-09-05T19:03:45.878Z"}
{"level":"info","message":"⌛ Building environment","timeElapsed":120,"timestamp":"2024-09-05T19:03:46.000Z"}
{"level":"info","message":"onRequest - completionItem/resolve","timestamp":"2024-09-05T19:03:46.008Z"}
{"level":"info","message":"⌛ Building environment","timeElapsed":117,"timestamp":"2024-09-05T19:03:46.126Z"}
{"level":"info","message":"⌛ Validating afa.wlk","timeElapsed":165,"timestamp":"2024-09-05T19:03:46.291Z"}
{"level":"info","message":"onRequest - completionItem/resolve","timestamp":"2024-09-05T19:03:46.291Z"}
{"level":"info","message":"⌛ Building environment","timeElapsed":124,"timestamp":"2024-09-05T19:03:46.416Z"}
{"level":"info","message":"onRequest - completionItem/resolve","timestamp":"2024-09-05T19:03:46.417Z"}
{"level":"info","message":"⌛ Building environment","timeElapsed":183,"timestamp":"2024-09-05T19:03:46.601Z"}
{"level":"info","message":"onRequest - completionItem/resolve","timestamp":"2024-09-05T19:03:46.609Z"}
{"level":"info","message":"⌛ Building environment","timeElapsed":153,"timestamp":"2024-09-05T19:03:46.762Z"}
{"level":"info","message":"onRequest - completionItem/resolve","timestamp":"2024-09-05T19:03:46.763Z"}
{"level":"info","message":"⌛ Validating afa.wlk","timeElapsed":169,"timestamp":"2024-09-05T19:03:46.932Z"}
{"level":"info","message":"⌛ Validating afa.wlk","timeElapsed":158,"timestamp":"2024-09-05T19:03:47.100Z"}
{"level":"info","message":"⌛ Validating afa.wlk","timeElapsed":145,"timestamp":"2024-09-05T19:03:47.248Z"}
{"level":"info","message":"⌛ Building environment","timeElapsed":139,"timestamp":"2024-09-05T19:03:47.388Z"}
{"level":"info","message":"⌛ Validating afa.wlk","timeElapsed":157,"timestamp":"2024-09-05T19:03:47.546Z"}
{"level":"info","message":"⌛ Validating afa.wlk","timeElapsed":162,"timestamp":"2024-09-05T19:03:47.718Z"}
{"level":"info","message":"⌛ Validating afa.wlk","timeElapsed":151,"timestamp":"2024-09-05T19:03:47.869Z"}
{"level":"info","message":"⌛ Building environment","timeElapsed":114,"timestamp":"2024-09-05T19:03:47.985Z"}
{"level":"error","message":"✘ Completions for node failed: Error: [Send]{e772ac} at afa.wlk:14 exhausted all cases without a match [Send]{e772ac} at afa.wlk:14 exhausted all cases without a match","stack":"Error: [Send]{e772ac} at afa.wlk:14 exhausted all cases without a match\n    at /home/lucas/.vscode/extensions/uqbar.wollok-lsp-ide-0.3.4/node_modules/wollok-ts/dist/extensions.js:85:11\n    at completionsForNode (/home/lucas/.vscode/extensions/uqbar.wollok-lsp-ide-0.3.4/server/out/functionalities/autocomplete/node-completion.js:10:44)\n    at completeForParent (/home/lucas/.vscode/extensions/uqbar.wollok-lsp-ide-0.3.4/server/out/functionalities/autocomplete/node-completion.js:56:43)\n    at completeReference (/home/lucas/.vscode/extensions/uqbar.wollok-lsp-ide-0.3.4/server/out/functionalities/autocomplete/node-completion.js:64:135)\n    at /home/lucas/.vscode/extensions/uqbar.wollok-lsp-ide-0.3.4/node_modules/wollok-ts/dist/extensions.js:84:20\n    at completionsForNode (/home/lucas/.vscode/extensions/uqbar.wollok-lsp-ide-0.3.4/server/out/functionalities/autocomplete/node-completion.js:10:44)\n    at /home/lucas/.vscode/extensions/uqbar.wollok-lsp-ide-0.3.4/server/out/functionalities/autocomplete/autocomplete.js:26:154\n    at /home/lucas/.vscode/extensions/uqbar.wollok-lsp-ide-0.3.4/server/out/server.js:198:20\n    at /home/lucas/.vscode/extensions/uqbar.wollok-lsp-ide-0.3.4/server/node_modules/vscode-languageserver/lib/common/server.js:593:20\n    at handleRequest (/home/lucas/.vscode/extensions/uqbar.wollok-lsp-ide-0.3.4/server/node_modules/vscode-jsonrpc/lib/common/connection.js:493:41)","timestamp":"2024-09-05T19:03:48.029Z"}
{"level":"info","message":"⌛ Building environment","timeElapsed":152,"timestamp":"2024-09-05T19:03:48.185Z"}
{"level":"info","message":"⌛ Building environment","timeElapsed":124,"timestamp":"2024-09-05T19:03:48.309Z"}
{"level":"info","message":"⌛ Building environment","timeElapsed":130,"timestamp":"2024-09-05T19:03:48.446Z"}
{"level":"info","message":"⌛ Building environment","timeElapsed":121,"timestamp":"2024-09-05T19:03:48.575Z"}
{"level":"info","message":"⌛ Validating afa.wlk","timeElapsed":149,"timestamp":"2024-09-05T19:03:48.731Z"}
{"level":"info","message":"⌛ Building environment","timeElapsed":129,"timestamp":"2024-09-05T19:03:48.861Z"}
{"level":"info","message":"⌛ Building environment","timeElapsed":114,"timestamp":"2024-09-05T19:03:48.975Z"}
{"level":"info","message":"⌛ Building environment","timeElapsed":109,"timestamp":"2024-09-05T19:03:49.086Z"}
{"level":"info","message":"⌛ Validating afa.wlk","timeElapsed":134,"timestamp":"2024-09-05T19:03:49.223Z"}
{"level":"info","message":"onRequest - completionItem/resolve","timestamp":"2024-09-05T19:03:49.233Z"}
{"level":"info","message":"⌛ Validating afa.wlk","timeElapsed":140,"timestamp":"2024-09-05T19:03:49.373Z"}
{"level":"info","message":"⌛ Validating afa.wlk","timeElapsed":181,"timestamp":"2024-09-05T19:03:49.554Z"}
{"level":"info","message":"⌛ Validating afa.wlk","timeElapsed":218,"timestamp":"2024-09-05T19:03:49.773Z"}
{"level":"info","message":"⌛ Validating afa.wlk","timeElapsed":149,"timestamp":"2024-09-05T19:03:49.923Z"}
{"level":"info","message":"⌛ Validating afa.wlk","timeElapsed":168,"timestamp":"2024-09-05T19:03:50.092Z"}
{"level":"info","message":"⌛ Validating afa.wlk","timeElapsed":219,"timestamp":"2024-09-05T19:03:50.311Z"}
{"level":"info","message":"⌛ Validating afa.wlk","timeElapsed":145,"timestamp":"2024-09-05T19:03:50.460Z"}
{"level":"info","message":"⌛ Building environment","timeElapsed":139,"timestamp":"2024-09-05T19:06:43.783Z"}
{"level":"info","message":"⌛ Validating afa.wlk","timeElapsed":136,"timestamp":"2024-09-05T19:06:43.919Z"}
{"level":"info","message":"⌛ Building environment","timeElapsed":127,"timestamp":"2024-09-05T19:06:46.980Z"}
{"level":"info","message":"⌛ Validating afa.wlk","timeElapsed":140,"timestamp":"2024-09-05T19:06:47.122Z"}
{"level":"info","message":"⌛ Building environment","timeElapsed":172,"timestamp":"2024-09-05T19:06:49.054Z"}
{"level":"info","message":"⌛ Building environment","timeElapsed":155,"timestamp":"2024-09-05T19:06:49.212Z"}
{"level":"info","message":"⌛ Validating afa.wlk","timeElapsed":122,"timestamp":"2024-09-05T19:06:49.335Z"}
{"level":"info","message":"⌛ Validating afa.wlk","timeElapsed":134,"timestamp":"2024-09-05T19:06:49.566Z"}
{"level":"error","message":"✘ Failed to rebuild document Failed to parse afa.wlk: \n-- PARSING FAILED --------------------------------------------------\n\n  116 |   method text() = \"recaudacion: \" + partido.ganancia()\n  117 |   method ()\n> 118 | }\n      | ^\n  119 | \n  120 | // afa.arcas()\n\nExpected one of the following: \n\n'@', 'class', 'const', 'describe', 'mixin', 'object', 'only', 'package', 'program', 'test', 'var', '{', EOF, comment, not \"}\n\n\", whitespace\n","stack":"Error: Failed to parse afa.wlk: \n-- PARSING FAILED --------------------------------------------------\n\n  116 |   method text() = \"recaudacion: \" + partido.ganancia()\n  117 |   method ()\n> 118 | }\n      | ^\n  119 | \n  120 | // afa.arcas()\n\nExpected one of the following: \n\n'@', 'class', 'const', 'describe', 'mixin', 'object', 'only', 'package', 'program', 'test', 'var', '{', EOF, comment, not \"}\n\n\", whitespace\n\n    at /home/lucas/.vscode/extensions/uqbar.wollok-lsp-ide-0.3.4/node_modules/wollok-ts/dist/index.js:54:19\n    at Array.map (<anonymous>)\n    at buildEnvironment (/home/lucas/.vscode/extensions/uqbar.wollok-lsp-ide-0.3.4/node_modules/wollok-ts/dist/index.js:49:40)\n    at EnvironmentProvider.buildEnvironmentFrom (/home/lucas/.vscode/extensions/uqbar.wollok-lsp-ide-0.3.4/server/out/utils/vm/environment.js:29:66)\n    at EnvironmentProvider.updateEnvironmentWith (/home/lucas/.vscode/extensions/uqbar.wollok-lsp-ide-0.3.4/server/out/utils/vm/environment.js:19:37)\n    at rebuildTextDocument (/home/lucas/.vscode/extensions/uqbar.wollok-lsp-ide-0.3.4/server/out/server.js:102:29)\n    at CallbackList.invoke (/home/lucas/.vscode/extensions/uqbar.wollok-lsp-ide-0.3.4/server/node_modules/vscode-jsonrpc/lib/common/events.js:55:39)\n    at Emitter.fire (/home/lucas/.vscode/extensions/uqbar.wollok-lsp-ide-0.3.4/server/node_modules/vscode-jsonrpc/lib/common/events.js:117:36)\n    at /home/lucas/.vscode/extensions/uqbar.wollok-lsp-ide-0.3.4/server/node_modules/vscode-languageserver/lib/common/textDocuments.js:138:42\n    at handleNotification (/home/lucas/.vscode/extensions/uqbar.wollok-lsp-ide-0.3.4/server/node_modules/vscode-jsonrpc/lib/common/connection.js:640:25)","timestamp":"2024-09-05T19:06:49.603Z"}
{"level":"info","message":"⌛ Validating afa.wlk","timeElapsed":115,"timestamp":"2024-09-05T19:06:49.718Z"}
{"level":"info","message":"⌛ Building environment","timeElapsed":102,"timestamp":"2024-09-05T19:06:49.983Z"}
{"level":"info","message":"⌛ Building environment","timeElapsed":119,"timestamp":"2024-09-05T19:06:50.129Z"}
{"level":"info","message":"⌛ Validating afa.wlk","timeElapsed":111,"timestamp":"2024-09-05T19:06:50.240Z"}
{"level":"info","message":"⌛ Building environment","timeElapsed":108,"timestamp":"2024-09-05T19:06:50.448Z"}
{"level":"info","message":"⌛ Validating afa.wlk","timeElapsed":117,"timestamp":"2024-09-05T19:06:50.584Z"}
{"level":"info","message":"⌛ Validating afa.wlk","timeElapsed":114,"timestamp":"2024-09-05T19:06:50.796Z"}
{"level":"info","message":"⌛ Validating afa.wlk","timeElapsed":109,"timestamp":"2024-09-05T19:06:50.906Z"}
{"level":"info","message":"⌛ Validating afa.wlk","timeElapsed":112,"timestamp":"2024-09-05T19:06:51.022Z"}
{"level":"info","message":"⌛ Validating afa.wlk","timeElapsed":125,"timestamp":"2024-09-05T19:06:51.524Z"}
{"level":"info","message":"⌛ Building environment","timeElapsed":101,"timestamp":"2024-09-05T19:06:51.793Z"}
{"level":"info","message":"⌛ Validating afa.wlk","timeElapsed":104,"timestamp":"2024-09-05T19:06:51.992Z"}
{"level":"info","message":"⌛ Validating afa.wlk","timeElapsed":109,"timestamp":"2024-09-05T19:06:52.101Z"}
{"level":"info","message":"⌛ Validating afa.wlk","timeElapsed":107,"timestamp":"2024-09-05T19:06:52.719Z"}
{"level":"info","message":"⌛ Building environment","timeElapsed":130,"timestamp":"2024-09-05T19:06:52.939Z"}
{"level":"info","message":"⌛ Validating afa.wlk","timeElapsed":116,"timestamp":"2024-09-05T19:06:53.154Z"}
{"level":"info","message":"⌛ Validating afa.wlk","timeElapsed":111,"timestamp":"2024-09-05T19:06:53.266Z"}
{"level":"info","message":"⌛ Validating afa.wlk","timeElapsed":124,"timestamp":"2024-09-05T19:06:53.581Z"}
{"level":"info","message":"⌛ Validating afa.wlk","timeElapsed":119,"timestamp":"2024-09-05T19:06:53.701Z"}
{"level":"info","message":"⌛ Validating afa.wlk","timeElapsed":114,"timestamp":"2024-09-05T19:06:53.912Z"}
{"level":"info","message":"⌛ Building environment","timeElapsed":121,"timestamp":"2024-09-05T19:06:54.742Z"}
{"level":"info","message":"⌛ Validating afa.wlk","timeElapsed":133,"timestamp":"2024-09-05T19:06:54.876Z"}
{"level":"info","message":"⌛ Validating afa.wlk","timeElapsed":122,"timestamp":"2024-09-05T19:06:55.099Z"}
{"level":"info","message":"⌛ Validating afa.wlk","timeElapsed":133,"timestamp":"2024-09-05T19:06:55.336Z"}
{"level":"info","message":"⌛ Building environment","timeElapsed":105,"timestamp":"2024-09-05T19:06:55.442Z"}
{"level":"info","message":"⌛ Building environment","timeElapsed":104,"timestamp":"2024-09-05T19:06:55.546Z"}
{"level":"info","message":"⌛ Validating afa.wlk","timeElapsed":115,"timestamp":"2024-09-05T19:06:55.662Z"}
{"level":"info","message":"⌛ Building environment","timeElapsed":109,"timestamp":"2024-09-05T19:06:55.774Z"}
{"level":"info","message":"⌛ Validating afa.wlk","timeElapsed":116,"timestamp":"2024-09-05T19:06:55.890Z"}
{"level":"info","message":"⌛ Building environment","timeElapsed":101,"timestamp":"2024-09-05T19:06:55.991Z"}
{"level":"info","message":"⌛ Validating afa.wlk","timeElapsed":123,"timestamp":"2024-09-05T19:06:56.120Z"}
{"level":"info","message":"⌛ Validating afa.wlk","timeElapsed":123,"timestamp":"2024-09-05T19:06:56.349Z"}
{"level":"info","message":"⌛ Validating afa.wlk","timeElapsed":111,"timestamp":"2024-09-05T19:06:56.461Z"}
{"level":"info","message":"⌛ Validating afa.wlk","timeElapsed":131,"timestamp":"2024-09-05T19:06:56.772Z"}
{"level":"info","message":"⌛ Validating afa.wlk","timeElapsed":120,"timestamp":"2024-09-05T19:06:57.081Z"}
{"level":"info","message":"⌛ Validating afa.wlk","timeElapsed":114,"timestamp":"2024-09-05T19:06:57.195Z"}
{"level":"info","message":"⌛ Validating afa.wlk","timeElapsed":109,"timestamp":"2024-09-05T19:06:57.767Z"}
{"level":"info","message":"⌛ Building environment","timeElapsed":101,"timestamp":"2024-09-05T19:06:57.943Z"}
{"level":"info","message":"⌛ Building environment","timeElapsed":103,"timestamp":"2024-09-05T19:06:58.046Z"}
{"level":"info","message":"⌛ Validating afa.wlk","timeElapsed":104,"timestamp":"2024-09-05T19:06:58.151Z"}
{"level":"info","message":"⌛ Validating afa.wlk","timeElapsed":153,"timestamp":"2024-09-05T19:06:58.549Z"}
{"level":"info","message":"⌛ Building environment","timeElapsed":118,"timestamp":"2024-09-05T19:06:59.019Z"}
{"level":"info","message":"⌛ Validating afa.wlk","timeElapsed":118,"timestamp":"2024-09-05T19:06:59.163Z"}
{"level":"info","message":"onRequest - completionItem/resolve","timestamp":"2024-09-05T19:06:59.164Z"}
{"level":"info","message":"⌛ Building environment","timeElapsed":117,"timestamp":"2024-09-05T19:07:01.288Z"}
{"level":"info","message":"onRequest - completionItem/resolve","timestamp":"2024-09-05T19:07:01.288Z"}
{"level":"info","message":"⌛ Validating afa.wlk","timeElapsed":137,"timestamp":"2024-09-05T19:07:01.426Z"}
{"level":"info","message":"⌛ Validating afa.wlk","timeElapsed":131,"timestamp":"2024-09-05T19:07:01.678Z"}
{"level":"info","message":"⌛ Validating afa.wlk","timeElapsed":112,"timestamp":"2024-09-05T19:07:01.883Z"}
{"exitCode":"SIGHUP","level":"info","message":"👾 Game executed mainExample.afaPlus on /home/lucas/Documentos/objetos/afa","timeElapsed":200708,"timestamp":"2024-09-05T19:07:15.279Z"}
{"level":"info","message":"⌛ Building environment","timeElapsed":231,"timestamp":"2024-09-05T19:11:13.921Z"}
{"level":"info","message":"⌛ Building environment","timeElapsed":157,"timestamp":"2024-09-05T19:11:14.078Z"}
{"level":"info","message":"⌛ Validating afa.wlk","timeElapsed":203,"timestamp":"2024-09-05T19:11:14.293Z"}
{"level":"info","message":"⌛ Validating afa.wlk","timeElapsed":268,"timestamp":"2024-09-05T19:11:14.562Z"}
{"level":"info","message":"⌛ Building environment","timeElapsed":202,"timestamp":"2024-09-05T19:11:14.926Z"}
{"level":"info","message":"⌛ Building environment","timeElapsed":144,"timestamp":"2024-09-05T19:11:15.070Z"}
{"level":"info","message":"⌛ Building environment","timeElapsed":268,"timestamp":"2024-09-05T19:11:15.340Z"}
{"level":"info","message":"⌛ Validating afa.wlk","timeElapsed":188,"timestamp":"2024-09-05T19:11:15.528Z"}
{"level":"info","message":"⌛ Validating afa.wlk","timeElapsed":171,"timestamp":"2024-09-05T19:11:15.699Z"}
{"level":"info","message":"⌛ Building environment","timeElapsed":142,"timestamp":"2024-09-05T19:11:15.841Z"}
{"level":"info","message":"⌛ Building environment","timeElapsed":184,"timestamp":"2024-09-05T19:11:16.027Z"}
{"level":"info","message":"⌛ Validating afa.wlk","timeElapsed":172,"timestamp":"2024-09-05T19:11:16.199Z"}
{"level":"info","message":"⌛ Building environment","timeElapsed":127,"timestamp":"2024-09-05T19:11:16.327Z"}
{"level":"info","message":"⌛ Building environment","timeElapsed":144,"timestamp":"2024-09-05T19:11:16.472Z"}
{"level":"info","message":"⌛ Building environment","timeElapsed":178,"timestamp":"2024-09-05T19:11:16.652Z"}
{"level":"info","message":"⌛ Building environment","timeElapsed":130,"timestamp":"2024-09-05T19:11:16.784Z"}
{"level":"info","message":"⌛ Building environment","timeElapsed":149,"timestamp":"2024-09-05T19:11:16.935Z"}
{"level":"info","message":"⌛ Validating afa.wlk","timeElapsed":159,"timestamp":"2024-09-05T19:11:17.096Z"}
{"level":"info","message":"⌛ Validating afa.wlk","timeElapsed":174,"timestamp":"2024-09-05T19:11:17.271Z"}
{"level":"info","message":"⌛ Validating afa.wlk","timeElapsed":182,"timestamp":"2024-09-05T19:11:17.459Z"}
{"level":"info","message":"⌛ Validating afa.wlk","timeElapsed":164,"timestamp":"2024-09-05T19:11:17.623Z"}
{"level":"info","message":"⌛ Validating afa.wlk","timeElapsed":176,"timestamp":"2024-09-05T19:11:17.799Z"}
{"level":"info","message":"⌛ Validating afa.wlk","timeElapsed":162,"timestamp":"2024-09-05T19:11:17.962Z"}
{"level":"info","message":"⌛ Validating afa.wlk","timeElapsed":161,"timestamp":"2024-09-05T19:11:18.124Z"}
{"exitCode":"SIGHUP","level":"info","message":"👾 Game executed mainExample.afaPlus on /home/lucas/Documentos/objetos/afa","timeElapsed":244168,"timestamp":"2024-09-05T19:11:20.050Z"}
{"level":"info","message":"⌛ Building environment","timeElapsed":237,"timestamp":"2024-09-05T19:11:45.307Z"}
{"level":"info","message":"⌛ Building environment","timeElapsed":138,"timestamp":"2024-09-05T19:11:45.447Z"}
{"level":"info","message":"⌛ Validating afa.wlk","timeElapsed":191,"timestamp":"2024-09-05T19:11:45.647Z"}
{"level":"info","message":"⌛ Validating afa.wlk","timeElapsed":152,"timestamp":"2024-09-05T19:11:45.803Z"}
{"exitCode":"SIGHUP","level":"info","message":"👾 Game executed mainExample.afaPlus on /home/lucas/Documentos/objetos/afa","timeElapsed":35839,"timestamp":"2024-09-05T19:11:56.633Z"}
{"level":"info","message":"⌛ Building environment","timeElapsed":126,"timestamp":"2024-09-06T11:48:18.758Z"}
{"level":"info","message":"⌛ Validating mainExample.wpgm","timeElapsed":203,"timestamp":"2024-09-06T11:48:19.062Z"}
{"level":"info","message":"⌛ Validating mainExample.wpgm","timeElapsed":148,"timestamp":"2024-09-06T11:48:19.210Z"}
{"exitCode":"SIGHUP","level":"info","message":"👾 Game executed mainExample.afaPlus on /home/lucas/Documentos/objetos/afa","timeElapsed":7714224,"timestamp":"2024-09-06T11:48:24.507Z"}
{"exitCode":0,"level":"info","message":"👾 Game executed mainExample.afaPlus on /home/lucas/Documentos/objetos/afa","timeElapsed":1245,"timestamp":"2024-09-06T11:48:27.241Z"}
{"exitCode":0,"level":"info","message":"👾 Game executed mainExample.afaPlus on /home/lucas/Documentos/objetos/afa","timeElapsed":4940,"timestamp":"2024-09-06T11:49:19.315Z"}
{"level":"info","message":"⌛ Validating mainExample.wpgm","timeElapsed":104,"timestamp":"2024-09-06T11:49:50.386Z"}
{"level":"info","message":"⌛ Validating mainExample.wpgm","timeElapsed":132,"timestamp":"2024-09-06T11:49:50.590Z"}
{"exitCode":0,"level":"info","message":"👾 Game executed mainExample.afaPlus on /home/lucas/Documentos/objetos/afa","timeElapsed":4641,"timestamp":"2024-09-06T11:50:01.250Z"}
{"level":"info","message":"⌛ Building environment","timeElapsed":103,"timestamp":"2024-09-06T11:50:19.181Z"}
{"level":"info","message":"⌛ Validating mainExample.wpgm","timeElapsed":110,"timestamp":"2024-09-06T11:50:19.292Z"}
{"level":"info","message":"⌛ Building environment","timeElapsed":107,"timestamp":"2024-09-06T11:50:19.400Z"}
{"level":"info","message":"⌛ Validating mainExample.wpgm","timeElapsed":112,"timestamp":"2024-09-06T11:50:19.521Z"}
{"exitCode":"SIGHUP","level":"info","message":"👾 Game executed mainExample.afaPlus on /home/lucas/Documentos/objetos/afa","timeElapsed":720970,"timestamp":"2024-09-06T12:02:28.567Z"}
{"level":"info","message":"⌛ Building environment","timeElapsed":151,"timestamp":"2024-09-06T12:03:23.003Z"}
{"level":"info","message":"⌛ Validating afa.wlk","timeElapsed":202,"timestamp":"2024-09-06T12:03:23.206Z"}
{"level":"info","message":"⌛ Validating mainExample.wpgm","timeElapsed":120,"timestamp":"2024-09-06T12:03:23.331Z"}
